2026-03-25 12:16:19,206 - __main__ - INFO - ============================================================
2026-03-25 12:16:19,206 - __main__ - INFO - ТЕСТОВЫЙ ЗАПУСК: метка 'Проект R'
2026-03-25 12:16:19,206 - __main__ - INFO - ============================================================
2026-03-25 12:16:19,206 - __main__ - INFO - 🔍 Ищем посты с меткой 'Проект R'
2026-03-25 12:16:19,239 - src.rss_fetcher - ERROR - Ошибка: URL can't contain control characters. '/feeds/posts/default/-/%D0%9F%D1%80%D0%BE%D0%B5%D0%BA%D1%82 R?alt=rss&max-results=2' (found at least ' ')
2026-03-25 12:16:19,240 - __main__ - INFO - 💾 Тестовые посты сохранены: output_samples\test_Проект R_20260325_1216.json
2026-03-25 12:16:19,241 - __main__ - INFO - 👁️  Визуальный просмотр: output_samples\test_Проект R_20260325_1216.html
2026-03-25 12:16:19,241 - __main__ - INFO - ============================================================
2026-03-25 12:16:19,241 - __main__ - INFO - ТЕСТОВЫЙ ЗАПУСК ЗАВЕРШЁН!
2026-03-25 12:16:19,241 - __main__ - INFO - Найдено постов: 0
2026-03-25 12:16:19,241 - __main__ - INFO - ============================================================
2026-03-25 12:17:10,118 - __main__ - INFO - ============================================================
2026-03-25 12:17:10,118 - __main__ - INFO - ТЕСТОВЫЙ ЗАПУСК: метка 'Проект R'
2026-03-25 12:17:10,118 - __main__ - INFO - ============================================================
2026-03-25 12:17:10,118 - __main__ - INFO - 🔍 Ищем посты с меткой 'Проект R'
2026-03-25 12:17:11,647 - src.rss_fetcher - INFO - Получено 2 постов с меткой 'Проект R'
2026-03-25 12:17:11,650 - __main__ - INFO -   ✅ Джуланджубин. Авиценна....
2026-03-25 12:17:11,650 - __main__ - INFO -      Цель: Знания о розах для семейного благополучия
2026-03-25 12:17:11,651 - __main__ - INFO -   ✅ Часть 2...
2026-03-25 12:17:11,651 - __main__ - INFO -      Цель: Знания о розах для семейного благополучия
2026-03-25 12:17:11,652 - __main__ - INFO - 💾 Тестовые посты сохранены: output_samples\test_Проект R_20260325_1217.json
2026-03-25 12:17:11,652 - __main__ - INFO - 👁️  Визуальный просмотр: output_samples\test_Проект R_20260325_1217.html
2026-03-25 12:17:11,652 - __main__ - INFO - ============================================================
2026-03-25 12:17:11,653 - __main__ - INFO - ТЕСТОВЫЙ ЗАПУСК ЗАВЕРШЁН!
2026-03-25 12:17:11,653 - __main__ - INFO - Найдено постов: 2
2026-03-25 12:17:11,653 - __main__ - INFO - ============================================================
2026-03-25 12:57:12,691 - __main__ - INFO - ============================================================
2026-03-25 12:57:12,691 - __main__ - INFO - ТЕСТОВЫЙ ЗАПУСК: метка 'Проект R'
2026-03-25 12:57:12,691 - __main__ - INFO - ============================================================
2026-03-25 12:57:12,691 - __main__ - INFO - 🔍 Ищем посты с меткой 'Проект R' (до 2 постов)
2026-03-25 12:57:13,737 - src.rss_fetcher - INFO - Получено 2 постов с меткой 'Проект R'
2026-03-25 12:57:13,738 - __main__ - INFO -   ✅ Джуланджубин. Авиценна....
2026-03-25 12:57:13,738 - __main__ - INFO -      Цель: Знания о розах для семейного благополучия
2026-03-25 12:57:13,739 - __main__ - INFO -   ✅ Часть 2...
2026-03-25 12:57:13,739 - __main__ - INFO -      Цель: Знания о розах для семейного благополучия
2026-03-25 12:57:13,740 - __main__ - INFO - 💾 Тестовые посты сохранены: output_samples\Проект R\posts_20260325_1257.json
2026-03-25 12:57:13,741 - __main__ - INFO - 👁️  Визуальный просмотр: output_samples\Проект R\preview_20260325_1257.html
2026-03-25 12:57:13,741 - __main__ - INFO - ============================================================
2026-03-25 12:57:13,741 - __main__ - INFO - ТЕСТОВЫЙ ЗАПУСК ЗАВЕРШЁН!
2026-03-25 12:57:13,741 - __main__ - INFO - Найдено постов: 2
2026-03-25 12:57:13,741 - __main__ - INFO - ============================================================
2026-03-25 12:58:24,385 - __main__ - INFO - ============================================================
2026-03-25 12:58:24,385 - __main__ - INFO - ТЕСТОВЫЙ ЗАПУСК: метка 'Проект R'
2026-03-25 12:58:24,385 - __main__ - INFO - ============================================================
2026-03-25 12:58:24,386 - __main__ - INFO - 🔍 Ищем посты с меткой 'Проект R' (до 2 постов)
2026-03-28 21:11:31,952 - src.rss_fetcher - INFO - BloggerRSSFetcher init: base_url='https://blog.roses-crimea.ru/feeds/posts/default'
2026-03-28 21:11:31,952 - src.rss_fetcher - INFO - Using RSS feed base URL: https://blog.roses-crimea.ru/feeds/posts/default
2026-03-28 21:11:31,953 - __main__ - INFO - ============================================================
2026-03-28 21:11:31,953 - __main__ - INFO - ТЕСТОВЫЙ ЗАПУСК: метка 'Проект R'
2026-03-28 21:11:31,954 - __main__ - INFO - ============================================================
2026-03-28 21:11:31,954 - __main__ - INFO - 🔍 Ищем посты с меткой 'Проект R' (до 2 постов)
2026-03-28 21:11:31,956 - src.rss_fetcher - INFO - Fetching RSS URL: https://blog.roses-crimea.ru/feeds/posts/default?alt=rss&max-results=2&q=label%3A%22%D0%9F%D1%80%D0%BE%D0%B5%D0%BA%D1%82%20R%22
2026-03-28 21:11:33,243 - src.rss_fetcher - INFO - Получено 2 постов с меткой 'Проект R'
2026-03-28 21:11:33,246 - __main__ - INFO -   ✅ Джуланджубин. Авиценна....
2026-03-28 21:11:33,246 - __main__ - INFO -      Цель: Знания о розах для семейного благополучия
2026-03-28 21:11:33,246 - __main__ - INFO -   ✅ Часть 2...
2026-03-28 21:11:33,246 - __main__ - INFO -      Цель: Знания о розах для семейного благополучия
2026-03-28 21:11:33,248 - __main__ - INFO - 💾 Тестовые посты сохранены: output_samples\Проект R\posts_20260328_2111.json
2026-03-28 21:11:33,248 - __main__ - INFO - 👁️  Визуальный просмотр: output_samples\Проект R\preview_20260328_2111.html
2026-03-28 21:11:33,249 - __main__ - INFO - ============================================================
2026-03-28 21:11:33,249 - __main__ - INFO - ТЕСТОВЫЙ ЗАПУСК ЗАВЕРШЁН!
2026-03-28 21:11:33,249 - __main__ - INFO - Найдено постов: 2
2026-03-28 21:11:33,249 - __main__ - INFO - ============================================================
2026-03-28 21:13:44,087 - src.rss_fetcher - INFO - BloggerRSSFetcher init: base_url='https://blog.roses-crimea.ru/feeds/posts/default'
2026-03-28 21:13:44,087 - src.rss_fetcher - INFO - Using RSS feed base URL: https://blog.roses-crimea.ru/feeds/posts/default
2026-03-28 21:13:44,088 - __main__ - INFO - ============================================================
2026-03-28 21:13:44,088 - __main__ - INFO - ТЕСТОВЫЙ ЗАПУСК: метка 'Проект R'
2026-03-28 21:13:44,088 - __main__ - INFO - ============================================================
2026-03-28 21:13:44,088 - __main__ - INFO - 🔍 Ищем посты с меткой 'Проект R' (до 50 постов)
2026-03-28 21:13:44,088 - src.rss_fetcher - INFO - Fetching RSS URL: https://blog.roses-crimea.ru/feeds/posts/default?alt=rss&max-results=50&q=label%3A%22%D0%9F%D1%80%D0%BE%D0%B5%D0%BA%D1%82%20R%22
2026-03-28 21:13:45,439 - src.rss_fetcher - INFO - Получено 26 постов с меткой 'Проект R'
2026-03-28 21:13:45,441 - __main__ - INFO -   ✅ Джуланджубин. Авиценна....
2026-03-28 21:13:45,441 - __main__ - INFO -      Цель: Знания о розах для семейного благополучия
2026-03-28 21:13:45,442 - __main__ - INFO -   ✅ Часть 2...
2026-03-28 21:13:45,442 - __main__ - INFO -      Цель: Знания о розах для семейного благополучия
2026-03-28 21:13:45,442 - __main__ - INFO -   ✅ Сезон 2025 , обработка....
2026-03-28 21:13:45,442 - __main__ - INFO -      Цель: Знания о розах для семейного благополучия
2026-03-28 21:13:45,443 - __main__ - INFO -   ✅ Создатель инфраструктуры. Знания инициатор культур...
2026-03-28 21:13:45,443 - __main__ - INFO -      Цель: Знания о розах для семейного благополучия
2026-03-28 21:13:45,443 - __main__ - INFO -   ✅ Лечебная ценность — в до-селекционных формах и спо...
2026-03-28 21:13:45,443 - __main__ - INFO -      Цель: Знания о розах для семейного благополучия
2026-03-28 21:13:45,444 - __main__ - INFO -   ✅ ...
2026-03-28 21:13:45,444 - __main__ - INFO -      Цель: Знания о розах для семейного благополучия
2026-03-28 21:13:45,444 - __main__ - INFO -   ✅ почти поэтически, обозначили одну из главных пробл...
2026-03-28 21:13:45,444 - __main__ - INFO -      Цель: Знания о розах для семейного благополучия
2026-03-28 21:13:45,445 - __main__ - INFO -   ✅ Почему интересуются «столепестковой» розой?...
2026-03-28 21:13:45,445 - __main__ - INFO -      Цель: Знания о розах для семейного благополучия
2026-03-28 21:13:45,445 - __main__ - INFO -   ✅ Список источников (в формате HTML для Blogger)...
2026-03-28 21:13:45,445 - __main__ - INFO -      Цель: Знания о розах для семейного благополучия
2026-03-28 21:13:45,445 - __main__ - INFO -   ✅ История появления R. centifolia...
2026-03-28 21:13:45,446 - __main__ - INFO -      Цель: Лекарственная роза для регенерации сосудов
2026-03-28 21:13:45,446 - __main__ - INFO -   ✅ Розовое поле в Тургеневке. Крым...
2026-03-28 21:13:45,446 - __main__ - INFO -      Цель: Знания о розах для семейного благополучия
2026-03-28 21:13:45,446 - __main__ - INFO -   ✅ Перефасовка розы из мороз камеры. Помол и укладка ...
2026-03-28 21:13:45,446 - __main__ - INFO -      Цель: Знания о розах для семейного благополучия
2026-03-28 21:13:45,448 - __main__ - INFO -   ✅ часть 10  Противоопухолевые свойства и блокировка ...
2026-03-28 21:13:45,448 - __main__ - INFO -      Цель: Знания о розах для семейного благополучия
2026-03-28 21:13:45,448 - __main__ - INFO -   ✅ часть 9...
2026-03-28 21:13:45,449 - __main__ - INFO -      Цель: Напиток счастья для семейного здоровья
2026-03-28 21:13:45,449 - __main__ - INFO -   ✅ часть 8...
2026-03-28 21:13:45,449 - __main__ - INFO -      Цель: Напиток счастья для семейного здоровья
2026-03-28 21:13:45,450 - __main__ - INFO -   ✅ часть семь...
2026-03-28 21:13:45,450 - __main__ - INFO -      Цель: Напиток счастья для семейного здоровья
2026-03-28 21:13:45,452 - __main__ - INFO -   ✅ часть 6...
2026-03-28 21:13:45,452 - __main__ - INFO -      Цель: Напиток счастья для семейного здоровья
2026-03-28 21:13:45,453 - __main__ - INFO -   ✅ часть 5...
2026-03-28 21:13:45,453 - __main__ - INFO -      Цель: Знания о розах для семейного благополучия
2026-03-28 21:13:45,455 - __main__ - INFO -   ✅ часть 4...
2026-03-28 21:13:45,455 - __main__ - INFO -      Цель: Напиток счастья для семейного здоровья
2026-03-28 21:13:45,456 - __main__ - INFO -   ✅ часть 3...
2026-03-28 21:13:45,457 - __main__ - INFO -      Цель: Знания о розах для семейного благополучия
2026-03-28 21:13:45,458 - __main__ - INFO -   ✅ часть 1...
2026-03-28 21:13:45,458 - __main__ - INFO -      Цель: Знания о розах для семейного благополучия
2026-03-28 21:13:45,459 - __main__ - INFO -   ✅ Новое понимание происхождения R. × centifolia: ази...
2026-03-28 21:13:45,459 - __main__ - INFO -      Цель: Лекарственная роза для регенерации сосудов
2026-03-28 21:13:45,459 - __main__ - INFO -   ✅ Роза × центрифолия: Наследие Гималаев в Крыму...
2026-03-28 21:13:45,459 - __main__ - INFO -      Цель: Знания о розах для семейного благополучия
2026-03-28 21:13:45,460 - __main__ - INFO -   ✅ Глобальная тема на стыке истории, науки, экономики...
2026-03-28 21:13:45,460 - __main__ - INFO -      Цель: Знания о розах для семейного благополучия
2026-03-28 21:13:45,460 - __main__ - INFO -   ✅ Новые данные о происхождении Rosa × centifolia...
2026-03-28 21:13:45,460 - __main__ - INFO -      Цель: Лекарственная роза для регенерации сосудов
2026-03-28 21:13:45,461 - __main__ - INFO -   ✅ Роза × центрифолия: историческая ценность и страте...
2026-03-28 21:13:45,461 - __main__ - INFO -      Цель: Знания о розах для семейного благополучия
2026-03-28 21:13:45,466 - __main__ - INFO - 💾 Тестовые посты сохранены: output_samples\Проект R\posts_20260328_2113.json
2026-03-28 21:13:45,469 - __main__ - INFO - 👁️  Визуальный просмотр: output_samples\Проект R\preview_20260328_2113.html
2026-03-28 21:13:45,469 - __main__ - INFO - ============================================================
2026-03-28 21:13:45,469 - __main__ - INFO - ТЕСТОВЫЙ ЗАПУСК ЗАВЕРШЁН!
2026-03-28 21:13:45,470 - __main__ - INFO - Найдено постов: 26
2026-03-28 21:13:45,470 - __main__ - INFO - ============================================================
